Using pre-set license
Built from '2020.3/staging' branch; Version is '2020.3.17f1 (a4537701e4ab) revision 10769271'; Using compiler version '192528614'; Build Type 'Release'
OS: 'Windows 10 Pro; OS build 19044.1526; Version 2009; 64bit' Language: 'en' Physical Memory: 16277 MB
BatchMode: 1, IsHumanControllingUs: 0, StartBugReporterOnCrash: 0, Is64bit: 1, IsPro: 0

COMMAND LINE ARGUMENTS:
C:\Program Files\Unity\Hub\Editor\2020.3.17f1\Editor\Unity.exe
-adb2
-batchMode
-noUpm
-name
AssetImportWorker4
-projectPath
F:/GIT HUB/TheGame2
-logFile
Logs/AssetImportWorker4.log
-srvPort
49679
Successfully changed project path to: F:/GIT HUB/TheGame2
F:/GIT HUB/TheGame2
Using Asset Import Pipeline V2.
Refreshing native plugins compatible for Editor in 782.41 ms, found 2 plugins.
Preloading 0 native plugins for Editor in 0.00 ms.
Initialize engine version: 2020.3.17f1 (a4537701e4ab)
[Subsystems] Discovering subsystems at path C:/Program Files/Unity/Hub/Editor/2020.3.17f1/Editor/Data/Resources/UnitySubsystems
[Subsystems] Discovering subsystems at path F:/GIT HUB/TheGame2/Assets
GfxDevice: creating device client; threaded=0
Direct3D:
    Version:  Direct3D 11.0 [level 11.1]
    Renderer: NVIDIA GeForce GT 1030 (ID=0x1d01)
    Vendor:   
    VRAM:     1982 MB
    Driver:   30.0.14.9613
Initialize mono
Mono path[0] = 'C:/Program Files/Unity/Hub/Editor/2020.3.17f1/Editor/Data/Managed'
Mono path[1] = 'C:/Program Files/Unity/Hub/Editor/2020.3.17f1/Editor/Data/MonoBleedingEdge/lib/mono/unityjit'
Mono config path = 'C:/Program Files/Unity/Hub/Editor/2020.3.17f1/Editor/Data/MonoBleedingEdge/etc'
Using monoOptions --debugger-agent=transport=dt_socket,embedding=1,server=y,suspend=n,address=127.0.0.1:56128
Begin MonoManager ReloadAssembly
Registering precompiled unity dll's ...
Register platform support module: C:/Program Files/Unity/Hub/Editor/2020.3.17f1/Editor/Data/PlaybackEngines/WindowsStandaloneSupport/UnityEditor.WindowsStandalone.Extensions.dll
Registered in 0.004934 seconds.
Native extension for WindowsStandalone target not found
Refreshing native plugins compatible for Editor in 113.60 ms, found 2 plugins.
Preloading 0 native plugins for Editor in 0.00 ms.
Mono: successfully reloaded assembly
- Completed reload, in  3.595 seconds
Domain Reload Profiling:
	ReloadAssembly (3596ms)
		BeginReloadAssembly (130ms)
			ExecutionOrderSort (0ms)
			DisableScriptedObjects (0ms)
			BackupInstance (0ms)
			ReleaseScriptingObjects (0ms)
			CreateAndSetChildDomain (2ms)
		EndReloadAssembly (1025ms)
			LoadAssemblies (121ms)
			RebuildTransferFunctionScriptingTraits (0ms)
			SetupTypeCache (349ms)
			ReleaseScriptCaches (0ms)
			RebuildScriptCaches (69ms)
			SetupLoadedEditorAssemblies (417ms)
				LogAssemblyErrors (0ms)
				InitializePlatformSupportModulesInManaged (15ms)
				SetLoadedEditorAssemblies (0ms)
				RefreshPlugins (114ms)
				BeforeProcessingInitializeOnLoad (32ms)
				ProcessInitializeOnLoadAttributes (199ms)
				ProcessInitializeOnLoadMethodAttributes (57ms)
				AfterProcessingInitializeOnLoad (0ms)
				EditorAssembliesLoaded (0ms)
			ExecutionOrderSort2 (0ms)
			AwakeInstancesAfterBackupRestoration (0ms)
Platform modules already initialized, skipping
Registering precompiled user dll's ...
Registered in 0.014413 seconds.
Begin MonoManager ReloadAssembly
Native extension for WindowsStandalone target not found
Refreshing native plugins compatible for Editor in 1.09 ms, found 2 plugins.
Preloading 0 native plugins for Editor in 0.00 ms.
Mono: successfully reloaded assembly
- Completed reload, in  3.746 seconds
Domain Reload Profiling:
	ReloadAssembly (3749ms)
		BeginReloadAssembly (335ms)
			ExecutionOrderSort (0ms)
			DisableScriptedObjects (6ms)
			BackupInstance (0ms)
			ReleaseScriptingObjects (0ms)
			CreateAndSetChildDomain (32ms)
		EndReloadAssembly (3270ms)
			LoadAssemblies (270ms)
			RebuildTransferFunctionScriptingTraits (0ms)
			SetupTypeCache (664ms)
			ReleaseScriptCaches (1ms)
			RebuildScriptCaches (122ms)
			SetupLoadedEditorAssemblies (2035ms)
				LogAssemblyErrors (0ms)
				InitializePlatformSupportModulesInManaged (10ms)
				SetLoadedEditorAssemblies (1ms)
				RefreshPlugins (1ms)
				BeforeProcessingInitializeOnLoad (205ms)
				ProcessInitializeOnLoadAttributes (1782ms)
				ProcessInitializeOnLoadMethodAttributes (16ms)
				AfterProcessingInitializeOnLoad (19ms)
				EditorAssembliesLoaded (0ms)
			ExecutionOrderSort2 (0ms)
			AwakeInstancesAfterBackupRestoration (13ms)
Platform modules already initialized, skipping
========================================================================
Worker process is ready to serve import requests
Launched and connected shader compiler UnityShaderCompiler.exe after 0.12 seconds
Refreshing native plugins compatible for Editor in 0.67 ms, found 2 plugins.
Preloading 0 native plugins for Editor in 0.00 ms.
Unloading 2463 Unused Serialized files (Serialized files now loaded: 0)
System memory in use before: 211.4 MB.
System memory in use after: 211.6 MB.

Unloading 31 unused Assets to reduce memory usage. Loaded Objects now: 2930.
Total: 5.017200 ms (FindLiveObjects: 0.273900 ms CreateObjectMapping: 0.121200 ms MarkObjects: 4.448300 ms  DeleteObjects: 0.172000 ms)

AssetImportParameters requested are different than current active one (requested -> active):
  custom:framework-win-MediaFoundation: 216162199b28c13a410421893ffa2e32 -> 
  custom:video-decoder-ogg-theora: a1e56fd34408186e4bbccfd4996cb3dc -> 
  custom:container-muxer-webm: aa71ff27fc2769a1b78a27578f13a17b -> 
  custom:container-demuxer-webm: 4f35f7cbe854078d1ac9338744f61a02 -> 
  custom:container-demuxer-ogg: 62fdf1f143b41e24485cea50d1cbac27 -> 
  custom:video-encoder-webm-vp8: eb34c28f22e8b96e1ab97ce403110664 -> 
  custom:video-decoder-webm-vp8: 9c59270c3fd7afecdb556c50c9e8de78 -> 
  custom:audio-decoder-ogg-vorbis: bf7c407c2cedff20999df2af8eb42d56 -> 
  custom:audio-encoder-webm-vorbis: bf7c407c2cedff20999df2af8eb42d56 -> 
========================================================================
Received Import Request.
  path: Assets/Lunar Landscape 3D/Prefabs/Rocks_01.prefab
  artifactKey: Guid(319543aa0100a4996a997233179b9ac8) Importer(815301076,1909f56bfc062723c751e8b465ee728b)
Start importing Assets/Lunar Landscape 3D/Prefabs/Rocks_01.prefab using Guid(319543aa0100a4996a997233179b9ac8) Importer(815301076,1909f56bfc062723c751e8b465ee728b)  -> (artifact id: 'f192e93e702215c1d5d0d39e3dd22dcd') in 0.362825 seconds 
  Import took 0.382067 seconds .

========================================================================
Received Import Request.
  Time since last request: 0.000259 seconds.
  path: Assets/Lunar Landscape 3D/Prefabs
  artifactKey: Guid(d1e8c4afa146f4622bb69613327121a6) Importer(815301076,1909f56bfc062723c751e8b465ee728b)
Start importing Assets/Lunar Landscape 3D/Prefabs using Guid(d1e8c4afa146f4622bb69613327121a6) Importer(815301076,1909f56bfc062723c751e8b465ee728b)  -> (artifact id: 'cbed6b214b1ed8c34d1bd7dd5f2f6969') in 0.033079 seconds 
  Import took 0.038260 seconds .

========================================================================
Received Import Request.
  Time since last request: 0.000241 seconds.
  path: Assets/Lunar Landscape 3D/Prefabs/Rocks_00.prefab
  artifactKey: Guid(65f8d54e05e3740fb9bdbb766689ad5d) Importer(815301076,1909f56bfc062723c751e8b465ee728b)
Start importing Assets/Lunar Landscape 3D/Prefabs/Rocks_00.prefab using Guid(65f8d54e05e3740fb9bdbb766689ad5d) Importer(815301076,1909f56bfc062723c751e8b465ee728b)  -> (artifact id: 'f103f6d3bf878c1e742ebad610c7a724') in 0.059653 seconds 
  Import took 0.080276 seconds .

========================================================================
Received Import Request.
  Time since last request: 0.000228 seconds.
  path: Assets/Lunar Landscape 3D/Prefabs/Rocks_03.prefab
  artifactKey: Guid(259fea420f12e4e2a902923fda1f2b4b) Importer(815301076,1909f56bfc062723c751e8b465ee728b)
Start importing Assets/Lunar Landscape 3D/Prefabs/Rocks_03.prefab using Guid(259fea420f12e4e2a902923fda1f2b4b) Importer(815301076,1909f56bfc062723c751e8b465ee728b)  -> (artifact id: '0faf3ac7cf7164db1532d059184c4d68') in 0.048260 seconds 
  Import took 0.052766 seconds .

========================================================================
Received Import Request.
  Time since last request: 0.000220 seconds.
  path: Assets/Player.prefab
  artifactKey: Guid(ef398f263e5e7fb41bf7e7334cec707e) Importer(815301076,1909f56bfc062723c751e8b465ee728b)
Start importing Assets/Player.prefab using Guid(ef398f263e5e7fb41bf7e7334cec707e) Importer(815301076,1909f56bfc062723c751e8b465ee728b) You are trying to create a MonoBehaviour using the 'new' keyword.  This is not allowed.  MonoBehaviours can only be added using AddComponent(). Alternatively, your script can inherit from ScriptableObject or no base class at all
UnityEngine.StackTraceUtility:ExtractStackTrace ()
UnityEngine.MonoBehaviour:.ctor ()
Pistol:.ctor () (at Assets/Scripts/Player/Scr_Weapon_manager.cs:125)
Scr_Weapon_manager:.ctor () (at Assets/Scripts/Player/Scr_Weapon_manager.cs:36)

[Assets/Scripts/Player/Scr_Weapon_manager.cs line 125]

You are trying to create a MonoBehaviour using the 'new' keyword.  This is not allowed.  MonoBehaviours can only be added using AddComponent(). Alternatively, your script can inherit from ScriptableObject or no base class at all
UnityEngine.StackTraceUtility:ExtractStackTrace ()
UnityEngine.MonoBehaviour:.ctor ()
AK:.ctor () (at Assets/Scripts/Player/Scr_Weapon_manager.cs:256)
Scr_Weapon_manager:.ctor () (at Assets/Scripts/Player/Scr_Weapon_manager.cs:37)

[Assets/Scripts/Player/Scr_Weapon_manager.cs line 256]

You are trying to create a MonoBehaviour using the 'new' keyword.  This is not allowed.  MonoBehaviours can only be added using AddComponent(). Alternatively, your script can inherit from ScriptableObject or no base class at all
UnityEngine.StackTraceUtility:ExtractStackTrace ()
UnityEngine.MonoBehaviour:.ctor ()
Pistol:.ctor () (at Assets/Scripts/Player/Scr_Weapon_manager.cs:125)
Scr_Weapon_manager:.ctor () (at Assets/Scripts/Player/Scr_Weapon_manager.cs:36)
UnityEditor.EditorUtility:Internal_InstantiateRemoveAllNonAnimationComponentsSingle (UnityEngine.Object,UnityEngine.Vector3,UnityEngine.Quaternion)
UnityEditor.EditorUtility:InstantiateRemoveAllNonAnimationComponents (UnityEngine.Object,UnityEngine.Vector3,UnityEngine.Quaternion)
UnityEditor.EditorUtility:InstantiateForAnimatorPreview (UnityEngine.Object)
UnityEditor.GameObjectInspector/PreviewData:UpdateGameObject (UnityEngine.Object)
UnityEditor.GameObjectInspector/PreviewData:.ctor (UnityEngine.Object)
UnityEditor.GameObjectInspector:GetPreviewData ()
UnityEditor.GameObjectInspector:RenderStaticPreview (string,UnityEngine.Object[],int,int)
UnityEditor.AssetPreviewUpdater:CreatePreviewForAsset (UnityEngine.Object,UnityEngine.Object[],string)

[Assets/Scripts/Player/Scr_Weapon_manager.cs line 125]

You are trying to create a MonoBehaviour using the 'new' keyword.  This is not allowed.  MonoBehaviours can only be added using AddComponent(). Alternatively, your script can inherit from ScriptableObject or no base class at all
UnityEngine.StackTraceUtility:ExtractStackTrace ()
UnityEngine.MonoBehaviour:.ctor ()
AK:.ctor () (at Assets/Scripts/Player/Scr_Weapon_manager.cs:256)
Scr_Weapon_manager:.ctor () (at Assets/Scripts/Player/Scr_Weapon_manager.cs:37)
UnityEditor.EditorUtility:Internal_InstantiateRemoveAllNonAnimationComponentsSingle (UnityEngine.Object,UnityEngine.Vector3,UnityEngine.Quaternion)
UnityEditor.EditorUtility:InstantiateRemoveAllNonAnimationComponents (UnityEngine.Object,UnityEngine.Vector3,UnityEngine.Quaternion)
UnityEditor.EditorUtility:InstantiateForAnimatorPreview (UnityEngine.Object)
UnityEditor.GameObjectInspector/PreviewData:UpdateGameObject (UnityEngine.Object)
UnityEditor.GameObjectInspector/PreviewData:.ctor (UnityEngine.Object)
UnityEditor.GameObjectInspector:GetPreviewData ()
UnityEditor.GameObjectInspector:RenderStaticPreview (string,UnityEngine.Object[],int,int)
UnityEditor.AssetPreviewUpdater:CreatePreviewForAsset (UnityEngine.Object,UnityEngine.Object[],string)

[Assets/Scripts/Player/Scr_Weapon_manager.cs line 256]

 -> (artifact id: 'b94d9491aface014e3e9b17d5fd48b3f') in 0.277930 seconds 
  Import took 0.295664 seconds .

========================================================================
Received Import Request.
  Time since last request: 0.000235 seconds.
  path: Assets/Scenes/BaseMap.unity
  artifactKey: Guid(31f65c415e82e08439748d734c15d615) Importer(815301076,1909f56bfc062723c751e8b465ee728b)
Start importing Assets/Scenes/BaseMap.unity using Guid(31f65c415e82e08439748d734c15d615) Importer(815301076,1909f56bfc062723c751e8b465ee728b)  -> (artifact id: '6a5e1f55ac6e71578b96b374dc2e322a') in 0.048987 seconds 
  Import took 0.055086 seconds .

========================================================================
Received Import Request.
  Time since last request: 0.000264 seconds.
  path: Assets/Ammunation Box.prefab
  artifactKey: Guid(874f6448f44ba2841818084654939614) Importer(815301076,1909f56bfc062723c751e8b465ee728b)
Start importing Assets/Ammunation Box.prefab using Guid(874f6448f44ba2841818084654939614) Importer(815301076,1909f56bfc062723c751e8b465ee728b)  -> (artifact id: 'f0d0a18536c6608a9f5e6c0728ea4011') in 0.032695 seconds 
  Import took 0.039615 seconds .

========================================================================
Received Import Request.
  Time since last request: 0.000469 seconds.
  path: Assets/Lunar Landscape 3D/Prefabs/Rocks_02.prefab
  artifactKey: Guid(17eccaaf4fc4b460bbfe80bacb3bc357) Importer(815301076,1909f56bfc062723c751e8b465ee728b)
Start importing Assets/Lunar Landscape 3D/Prefabs/Rocks_02.prefab using Guid(17eccaaf4fc4b460bbfe80bacb3bc357) Importer(815301076,1909f56bfc062723c751e8b465ee728b)  -> (artifact id: '637178b1e4d8118cf456f2737cef9b2c') in 0.039841 seconds 
  Import took 0.055370 seconds .

========================================================================
Received Import Request.
  Time since last request: 0.000259 seconds.
  path: Assets/zombie.prefab
  artifactKey: Guid(544b21b4ed5030747a049e543b5cf159) Importer(815301076,1909f56bfc062723c751e8b465ee728b)
Start importing Assets/zombie.prefab using Guid(544b21b4ed5030747a049e543b5cf159) Importer(815301076,1909f56bfc062723c751e8b465ee728b)  -> (artifact id: 'ce32af08074fd76aa035f7fceefc313d') in 0.181512 seconds 
  Import took 0.206042 seconds .

========================================================================
Received Import Request.
  Time since last request: 41.636878 seconds.
  path: Assets/Lunar Landscape 3D/Resources/Geometry/TerrainData_cdab9423-0e63-4402-a255-d1a9bd1b1699.asset
  artifactKey: Guid(2e2ec140746178e4aa7c4a25394a4698) Importer(815301076,1909f56bfc062723c751e8b465ee728b)
Start importing Assets/Lunar Landscape 3D/Resources/Geometry/TerrainData_cdab9423-0e63-4402-a255-d1a9bd1b1699.asset using Guid(2e2ec140746178e4aa7c4a25394a4698) Importer(815301076,1909f56bfc062723c751e8b465ee728b)  -> (artifact id: '6bfc1ee7d6a1ff9db023e01475e9d261') in 0.065661 seconds 
  Import took 0.070967 seconds .

========================================================================
Received Import Request.
  Time since last request: 245.353285 seconds.
  path: Assets/Lunar Landscape 3D/Resources/Geometry/Terrain.asset
  artifactKey: Guid(bcc00276e3c6f482bb6d47fd04ead463) Importer(815301076,1909f56bfc062723c751e8b465ee728b)
Start importing Assets/Lunar Landscape 3D/Resources/Geometry/Terrain.asset using Guid(bcc00276e3c6f482bb6d47fd04ead463) Importer(815301076,1909f56bfc062723c751e8b465ee728b)  -> (artifact id: '7196989371081d09296fec4a2075a6dc') in 0.046624 seconds 
  Import took 0.053756 seconds .

========================================================================
Received Import Request.
  Time since last request: 0.000237 seconds.
  path: Assets/Lunar Landscape 3D/Resources/Geometry/TerrainData_cdab9423-0e63-4402-a255-d1a9bd1b1699.asset
  artifactKey: Guid(2e2ec140746178e4aa7c4a25394a4698) Importer(815301076,1909f56bfc062723c751e8b465ee728b)
Start importing Assets/Lunar Landscape 3D/Resources/Geometry/TerrainData_cdab9423-0e63-4402-a255-d1a9bd1b1699.asset using Guid(2e2ec140746178e4aa7c4a25394a4698) Importer(815301076,1909f56bfc062723c751e8b465ee728b)  -> (artifact id: '4a4a28969de1dbd90eac264f8c0fc4a0') in 0.048687 seconds 
  Import took 0.068897 seconds .

========================================================================
Received Prepare
Registering precompiled user dll's ...
Registered in 0.030419 seconds.
Begin MonoManager ReloadAssembly
Native extension for WindowsStandalone target not found
Refreshing native plugins compatible for Editor in 1.01 ms, found 2 plugins.
Preloading 0 native plugins for Editor in 0.00 ms.
Mono: successfully reloaded assembly
- Completed reload, in  5.708 seconds
Domain Reload Profiling:
	ReloadAssembly (5708ms)
		BeginReloadAssembly (1049ms)
			ExecutionOrderSort (0ms)
			DisableScriptedObjects (53ms)
			BackupInstance (0ms)
			ReleaseScriptingObjects (0ms)
			CreateAndSetChildDomain (415ms)
		EndReloadAssembly (4074ms)
			LoadAssemblies (871ms)
			RebuildTransferFunctionScriptingTraits (1ms)
			SetupTypeCache (1362ms)
			ReleaseScriptCaches (2ms)
			RebuildScriptCaches (99ms)
			SetupLoadedEditorAssemblies (1492ms)
				LogAssemblyErrors (0ms)
				InitializePlatformSupportModulesInManaged (23ms)
				SetLoadedEditorAssemblies (1ms)
				RefreshPlugins (1ms)
				BeforeProcessingInitializeOnLoad (269ms)
				ProcessInitializeOnLoadAttributes (1157ms)
				ProcessInitializeOnLoadMethodAttributes (13ms)
				AfterProcessingInitializeOnLoad (25ms)
				EditorAssembliesLoaded (1ms)
			ExecutionOrderSort2 (0ms)
			AwakeInstancesAfterBackupRestoration (10ms)
Platform modules already initialized, skipping
Refreshing native plugins compatible for Editor in 0.71 ms, found 2 plugins.
Preloading 0 native plugins for Editor in 0.00 ms.
Unloading 2406 Unused Serialized files (Serialized files now loaded: 0)
System memory in use before: 223.2 MB.
System memory in use after: 223.4 MB.

Unloading 31 unused Assets to reduce memory usage. Loaded Objects now: 2945.
Total: 4.335200 ms (FindLiveObjects: 0.314800 ms CreateObjectMapping: 0.161500 ms MarkObjects: 3.773100 ms  DeleteObjects: 0.084200 ms)

AssetImportParameters requested are different than current active one (requested -> active):
  custom:framework-win-MediaFoundation: 216162199b28c13a410421893ffa2e32 -> 
  custom:video-decoder-ogg-theora: a1e56fd34408186e4bbccfd4996cb3dc -> 
  custom:container-muxer-webm: aa71ff27fc2769a1b78a27578f13a17b -> 
  custom:container-demuxer-webm: 4f35f7cbe854078d1ac9338744f61a02 -> 
  custom:container-demuxer-ogg: 62fdf1f143b41e24485cea50d1cbac27 -> 
  custom:video-encoder-webm-vp8: eb34c28f22e8b96e1ab97ce403110664 -> 
  custom:video-decoder-webm-vp8: 9c59270c3fd7afecdb556c50c9e8de78 -> 
  custom:audio-decoder-ogg-vorbis: bf7c407c2cedff20999df2af8eb42d56 -> 
  custom:audio-encoder-webm-vorbis: bf7c407c2cedff20999df2af8eb42d56 -> 
========================================================================
Received Import Request.
  Time since last request: 1023.826913 seconds.
  path: Assets/Material/Button Material.mat
  artifactKey: Guid(80e366a7ee86b2d4491f65bd0fd932e8) Importer(815301076,1909f56bfc062723c751e8b465ee728b)
Start importing Assets/Material/Button Material.mat using Guid(80e366a7ee86b2d4491f65bd0fd932e8) Importer(815301076,1909f56bfc062723c751e8b465ee728b)  -> (artifact id: '04965b0cea8b2889574bf76361595ef8') in 0.295125 seconds 
  Import took 0.308617 seconds .

========================================================================
Received Prepare
Registering precompiled user dll's ...
Registered in 0.016145 seconds.
Begin MonoManager ReloadAssembly
Native extension for WindowsStandalone target not found
Refreshing native plugins compatible for Editor in 2.78 ms, found 2 plugins.
Preloading 0 native plugins for Editor in 0.00 ms.
Mono: successfully reloaded assembly
- Completed reload, in  2.991 seconds
Domain Reload Profiling:
	ReloadAssembly (2991ms)
		BeginReloadAssembly (275ms)
			ExecutionOrderSort (0ms)
			DisableScriptedObjects (16ms)
			BackupInstance (0ms)
			ReleaseScriptingObjects (0ms)
			CreateAndSetChildDomain (83ms)
		EndReloadAssembly (2548ms)
			LoadAssemblies (217ms)
			RebuildTransferFunctionScriptingTraits (0ms)
			SetupTypeCache (718ms)
			ReleaseScriptCaches (1ms)
			RebuildScriptCaches (87ms)
			SetupLoadedEditorAssemblies (1324ms)
				LogAssemblyErrors (0ms)
				InitializePlatformSupportModulesInManaged (8ms)
				SetLoadedEditorAssemblies (8ms)
				RefreshPlugins (3ms)
				BeforeProcessingInitializeOnLoad (204ms)
				ProcessInitializeOnLoadAttributes (1055ms)
				ProcessInitializeOnLoadMethodAttributes (21ms)
				AfterProcessingInitializeOnLoad (20ms)
				EditorAssembliesLoaded (0ms)
			ExecutionOrderSort2 (0ms)
			AwakeInstancesAfterBackupRestoration (18ms)
Platform modules already initialized, skipping
Refreshing native plugins compatible for Editor in 2.09 ms, found 2 plugins.
Preloading 0 native plugins for Editor in 0.00 ms.
Unloading 2406 Unused Serialized files (Serialized files now loaded: 0)
System memory in use before: 223.4 MB.
System memory in use after: 223.6 MB.

Unloading 22 unused Assets to reduce memory usage. Loaded Objects now: 2981.
Total: 6.371000 ms (FindLiveObjects: 0.321200 ms CreateObjectMapping: 0.114000 ms MarkObjects: 5.906200 ms  DeleteObjects: 0.027800 ms)

AssetImportParameters requested are different than current active one (requested -> active):
  custom:framework-win-MediaFoundation: 216162199b28c13a410421893ffa2e32 -> 
  custom:video-decoder-ogg-theora: a1e56fd34408186e4bbccfd4996cb3dc -> 
  custom:container-muxer-webm: aa71ff27fc2769a1b78a27578f13a17b -> 
  custom:container-demuxer-webm: 4f35f7cbe854078d1ac9338744f61a02 -> 
  custom:container-demuxer-ogg: 62fdf1f143b41e24485cea50d1cbac27 -> 
  custom:video-encoder-webm-vp8: eb34c28f22e8b96e1ab97ce403110664 -> 
  custom:video-decoder-webm-vp8: 9c59270c3fd7afecdb556c50c9e8de78 -> 
  custom:audio-decoder-ogg-vorbis: bf7c407c2cedff20999df2af8eb42d56 -> 
  custom:audio-encoder-webm-vorbis: bf7c407c2cedff20999df2af8eb42d56 -> 
========================================================================
Received Import Request.
  Time since last request: 13.259716 seconds.
  path: Assets/Material/Window glass.mat
  artifactKey: Guid(aa2dfd09dbd5ad44d84cacdc06d4fd6d) Importer(815301076,1909f56bfc062723c751e8b465ee728b)
Start importing Assets/Material/Window glass.mat using Guid(aa2dfd09dbd5ad44d84cacdc06d4fd6d) Importer(815301076,1909f56bfc062723c751e8b465ee728b)  -> (artifact id: 'd9b0cdac414defe82d133c95d527e785') in 0.161617 seconds 
  Import took 0.184991 seconds .

========================================================================
Received Import Request.
  Time since last request: 56.535964 seconds.
  path: Assets/Material/Window glass.mat
  artifactKey: Guid(aa2dfd09dbd5ad44d84cacdc06d4fd6d) Importer(815301076,1909f56bfc062723c751e8b465ee728b)
Start importing Assets/Material/Window glass.mat using Guid(aa2dfd09dbd5ad44d84cacdc06d4fd6d) Importer(815301076,1909f56bfc062723c751e8b465ee728b)  -> (artifact id: 'c7b7f49d7dd09b172d898f8784ffae6e') in 0.034496 seconds 
  Import took 0.050274 seconds .

========================================================================
Received Prepare
Registering precompiled user dll's ...
Registered in 0.019888 seconds.
Begin MonoManager ReloadAssembly
Native extension for WindowsStandalone target not found
Refreshing native plugins compatible for Editor in 0.84 ms, found 2 plugins.
Preloading 0 native plugins for Editor in 0.00 ms.
Mono: successfully reloaded assembly
- Completed reload, in  5.364 seconds
Domain Reload Profiling:
	ReloadAssembly (5365ms)
		BeginReloadAssembly (372ms)
			ExecutionOrderSort (0ms)
			DisableScriptedObjects (20ms)
			BackupInstance (0ms)
			ReleaseScriptingObjects (0ms)
			CreateAndSetChildDomain (117ms)
		EndReloadAssembly (4583ms)
			LoadAssemblies (320ms)
			RebuildTransferFunctionScriptingTraits (0ms)
			SetupTypeCache (1051ms)
			ReleaseScriptCaches (1ms)
			RebuildScriptCaches (222ms)
			SetupLoadedEditorAssemblies (2079ms)
				LogAssemblyErrors (0ms)
				InitializePlatformSupportModulesInManaged (21ms)
				SetLoadedEditorAssemblies (1ms)
				RefreshPlugins (1ms)
				BeforeProcessingInitializeOnLoad (759ms)
				ProcessInitializeOnLoadAttributes (1269ms)
				ProcessInitializeOnLoadMethodAttributes (8ms)
				AfterProcessingInitializeOnLoad (19ms)
				EditorAssembliesLoaded (2ms)
			ExecutionOrderSort2 (0ms)
			AwakeInstancesAfterBackupRestoration (11ms)
Platform modules already initialized, skipping
Refreshing native plugins compatible for Editor in 0.74 ms, found 2 plugins.
Preloading 0 native plugins for Editor in 0.00 ms.
Unloading 2406 Unused Serialized files (Serialized files now loaded: 0)
System memory in use before: 223.5 MB.
System memory in use after: 223.7 MB.

Unloading 22 unused Assets to reduce memory usage. Loaded Objects now: 2984.
Total: 8.024500 ms (FindLiveObjects: 0.269100 ms CreateObjectMapping: 0.112500 ms MarkObjects: 7.611100 ms  DeleteObjects: 0.030100 ms)

AssetImportParameters requested are different than current active one (requested -> active):
  custom:framework-win-MediaFoundation: 216162199b28c13a410421893ffa2e32 -> 
  custom:video-decoder-ogg-theora: a1e56fd34408186e4bbccfd4996cb3dc -> 
  custom:container-muxer-webm: aa71ff27fc2769a1b78a27578f13a17b -> 
  custom:container-demuxer-webm: 4f35f7cbe854078d1ac9338744f61a02 -> 
  custom:container-demuxer-ogg: 62fdf1f143b41e24485cea50d1cbac27 -> 
  custom:video-encoder-webm-vp8: eb34c28f22e8b96e1ab97ce403110664 -> 
  custom:video-decoder-webm-vp8: 9c59270c3fd7afecdb556c50c9e8de78 -> 
  custom:audio-decoder-ogg-vorbis: bf7c407c2cedff20999df2af8eb42d56 -> 
  custom:audio-encoder-webm-vorbis: bf7c407c2cedff20999df2af8eb42d56 -> 
========================================================================
Received Import Request.
  Time since last request: 745.036592 seconds.
  path: Assets/Scenes/BaseMap.unity
  artifactKey: Guid(31f65c415e82e08439748d734c15d615) Importer(815301076,1909f56bfc062723c751e8b465ee728b)
Start importing Assets/Scenes/BaseMap.unity using Guid(31f65c415e82e08439748d734c15d615) Importer(815301076,1909f56bfc062723c751e8b465ee728b)  -> (artifact id: '8173d89eefc1717c6961ef93911f8dda') in 0.047354 seconds 
  Import took 0.054300 seconds .

========================================================================
Received Import Request.
  Time since last request: 349.118204 seconds.
  path: Assets/Scenes/Main Menu.unity
  artifactKey: Guid(a6f20910d1547124ca4e2c5c74f67d9b) Importer(815301076,1909f56bfc062723c751e8b465ee728b)
Start importing Assets/Scenes/Main Menu.unity using Guid(a6f20910d1547124ca4e2c5c74f67d9b) Importer(815301076,1909f56bfc062723c751e8b465ee728b)  -> (artifact id: '7f282154e690d346eeb5a1d54ccd9719') in 0.011184 seconds 
  Import took 0.035602 seconds .

========================================================================
Received Import Request.
  Time since last request: 38.195302 seconds.
  path: Assets/Scripts/Scr_UI_Main_Menu.cs
  artifactKey: Guid(c27ffa16f7de10e42a110c89abb4ccbe) Importer(815301076,1909f56bfc062723c751e8b465ee728b)
Start importing Assets/Scripts/Scr_UI_Main_Menu.cs using Guid(c27ffa16f7de10e42a110c89abb4ccbe) Importer(815301076,1909f56bfc062723c751e8b465ee728b)  -> (artifact id: '855f175b91ddf836cbe4e3274fd346e0') in 0.150790 seconds 
  Import took 0.164215 seconds .

========================================================================
Received Import Request.
  Time since last request: 51.456489 seconds.
  path: Assets/Scenes/BaseMap.unity
  artifactKey: Guid(31f65c415e82e08439748d734c15d615) Importer(815301076,1909f56bfc062723c751e8b465ee728b)
Start importing Assets/Scenes/BaseMap.unity using Guid(31f65c415e82e08439748d734c15d615) Importer(815301076,1909f56bfc062723c751e8b465ee728b)  -> (artifact id: '4f2a05c4f671c9cf9feed1bde86155b2') in 0.090904 seconds 
  Import took 0.261232 seconds .

========================================================================
Received Prepare
Registering precompiled user dll's ...
Registered in 0.015953 seconds.
Begin MonoManager ReloadAssembly
Native extension for WindowsStandalone target not found
Refreshing native plugins compatible for Editor in 0.70 ms, found 2 plugins.
Preloading 0 native plugins for Editor in 0.00 ms.
Mono: successfully reloaded assembly
- Completed reload, in  4.800 seconds
Domain Reload Profiling:
	ReloadAssembly (4800ms)
		BeginReloadAssembly (338ms)
			ExecutionOrderSort (0ms)
			DisableScriptedObjects (22ms)
			BackupInstance (0ms)
			ReleaseScriptingObjects (0ms)
			CreateAndSetChildDomain (85ms)
		EndReloadAssembly (4262ms)
			LoadAssemblies (284ms)
			RebuildTransferFunctionScriptingTraits (0ms)
			SetupTypeCache (907ms)
			ReleaseScriptCaches (1ms)
			RebuildScriptCaches (142ms)
			SetupLoadedEditorAssemblies (2604ms)
				LogAssemblyErrors (0ms)
				InitializePlatformSupportModulesInManaged (14ms)
				SetLoadedEditorAssemblies (1ms)
				RefreshPlugins (1ms)
				BeforeProcessingInitializeOnLoad (289ms)
				ProcessInitializeOnLoadAttributes (2256ms)
				ProcessInitializeOnLoadMethodAttributes (20ms)
				AfterProcessingInitializeOnLoad (22ms)
				EditorAssembliesLoaded (0ms)
			ExecutionOrderSort2 (0ms)
			AwakeInstancesAfterBackupRestoration (28ms)
Platform modules already initialized, skipping
Refreshing native plugins compatible for Editor in 2.11 ms, found 2 plugins.
Preloading 0 native plugins for Editor in 0.00 ms.
Unloading 2406 Unused Serialized files (Serialized files now loaded: 0)
System memory in use before: 223.5 MB.
System memory in use after: 223.7 MB.

Unloading 22 unused Assets to reduce memory usage. Loaded Objects now: 2986.
Total: 10.154000 ms (FindLiveObjects: 0.415800 ms CreateObjectMapping: 0.290500 ms MarkObjects: 9.418600 ms  DeleteObjects: 0.027200 ms)

AssetImportParameters requested are different than current active one (requested -> active):
  custom:framework-win-MediaFoundation: 216162199b28c13a410421893ffa2e32 -> 
  custom:video-decoder-ogg-theora: a1e56fd34408186e4bbccfd4996cb3dc -> 
  custom:container-muxer-webm: aa71ff27fc2769a1b78a27578f13a17b -> 
  custom:container-demuxer-webm: 4f35f7cbe854078d1ac9338744f61a02 -> 
  custom:container-demuxer-ogg: 62fdf1f143b41e24485cea50d1cbac27 -> 
  custom:video-encoder-webm-vp8: eb34c28f22e8b96e1ab97ce403110664 -> 
  custom:video-decoder-webm-vp8: 9c59270c3fd7afecdb556c50c9e8de78 -> 
  custom:audio-decoder-ogg-vorbis: bf7c407c2cedff20999df2af8eb42d56 -> 
  custom:audio-encoder-webm-vorbis: bf7c407c2cedff20999df2af8eb42d56 -> 
========================================================================
Received Prepare
Registering precompiled user dll's ...
Registered in 0.013330 seconds.
Begin MonoManager ReloadAssembly
Native extension for WindowsStandalone target not found
Refreshing native plugins compatible for Editor in 0.87 ms, found 2 plugins.
Preloading 0 native plugins for Editor in 0.00 ms.
Mono: successfully reloaded assembly
- Completed reload, in  2.755 seconds
Domain Reload Profiling:
	ReloadAssembly (2755ms)
		BeginReloadAssembly (260ms)
			ExecutionOrderSort (0ms)
			DisableScriptedObjects (16ms)
			BackupInstance (0ms)
			ReleaseScriptingObjects (0ms)
			CreateAndSetChildDomain (83ms)
		EndReloadAssembly (2341ms)
			LoadAssemblies (205ms)
			RebuildTransferFunctionScriptingTraits (0ms)
			SetupTypeCache (622ms)
			ReleaseScriptCaches (9ms)
			RebuildScriptCaches (108ms)
			SetupLoadedEditorAssemblies (1180ms)
				LogAssemblyErrors (0ms)
				InitializePlatformSupportModulesInManaged (16ms)
				SetLoadedEditorAssemblies (1ms)
				RefreshPlugins (1ms)
				BeforeProcessingInitializeOnLoad (229ms)
				ProcessInitializeOnLoadAttributes (899ms)
				ProcessInitializeOnLoadMethodAttributes (11ms)
				AfterProcessingInitializeOnLoad (22ms)
				EditorAssembliesLoaded (0ms)
			ExecutionOrderSort2 (0ms)
			AwakeInstancesAfterBackupRestoration (12ms)
Platform modules already initialized, skipping
Refreshing native plugins compatible for Editor in 1.79 ms, found 2 plugins.
Preloading 0 native plugins for Editor in 0.00 ms.
Unloading 2406 Unused Serialized files (Serialized files now loaded: 0)
System memory in use before: 223.4 MB.
System memory in use after: 223.6 MB.

Unloading 22 unused Assets to reduce memory usage. Loaded Objects now: 2988.
Total: 10.515000 ms (FindLiveObjects: 0.301900 ms CreateObjectMapping: 0.148800 ms MarkObjects: 10.031800 ms  DeleteObjects: 0.030700 ms)

AssetImportParameters requested are different than current active one (requested -> active):
  custom:framework-win-MediaFoundation: 216162199b28c13a410421893ffa2e32 -> 
  custom:video-decoder-ogg-theora: a1e56fd34408186e4bbccfd4996cb3dc -> 
  custom:container-muxer-webm: aa71ff27fc2769a1b78a27578f13a17b -> 
  custom:container-demuxer-webm: 4f35f7cbe854078d1ac9338744f61a02 -> 
  custom:container-demuxer-ogg: 62fdf1f143b41e24485cea50d1cbac27 -> 
  custom:video-encoder-webm-vp8: eb34c28f22e8b96e1ab97ce403110664 -> 
  custom:video-decoder-webm-vp8: 9c59270c3fd7afecdb556c50c9e8de78 -> 
  custom:audio-decoder-ogg-vorbis: bf7c407c2cedff20999df2af8eb42d56 -> 
  custom:audio-encoder-webm-vorbis: bf7c407c2cedff20999df2af8eb42d56 -> 
========================================================================
Received Import Request.
  Time since last request: 48.635305 seconds.
  path: Assets/Scenes/Main Menu.unity
  artifactKey: Guid(a6f20910d1547124ca4e2c5c74f67d9b) Importer(815301076,1909f56bfc062723c751e8b465ee728b)
Start importing Assets/Scenes/Main Menu.unity using Guid(a6f20910d1547124ca4e2c5c74f67d9b) Importer(815301076,1909f56bfc062723c751e8b465ee728b)  -> (artifact id: 'b055b0266dd5d440bb551a41ad649166') in 0.097455 seconds 
  Import took 0.104604 seconds .

========================================================================
Received Prepare
Registering precompiled user dll's ...
Registered in 0.016518 seconds.
Begin MonoManager ReloadAssembly
Native extension for WindowsStandalone target not found
Refreshing native plugins compatible for Editor in 0.70 ms, found 2 plugins.
Preloading 0 native plugins for Editor in 0.00 ms.
Mono: successfully reloaded assembly
- Completed reload, in  2.620 seconds
Domain Reload Profiling:
	ReloadAssembly (2625ms)
		BeginReloadAssembly (274ms)
			ExecutionOrderSort (0ms)
			DisableScriptedObjects (16ms)
			BackupInstance (0ms)
			ReleaseScriptingObjects (0ms)
			CreateAndSetChildDomain (83ms)
		EndReloadAssembly (2215ms)
			LoadAssemblies (275ms)
			RebuildTransferFunctionScriptingTraits (0ms)
			SetupTypeCache (576ms)
			ReleaseScriptCaches (1ms)
			RebuildScriptCaches (88ms)
			SetupLoadedEditorAssemblies (1102ms)
				LogAssemblyErrors (0ms)
				InitializePlatformSupportModulesInManaged (12ms)
				SetLoadedEditorAssemblies (1ms)
				RefreshPlugins (1ms)
				BeforeProcessingInitializeOnLoad (183ms)
				ProcessInitializeOnLoadAttributes (867ms)
				ProcessInitializeOnLoadMethodAttributes (8ms)
				AfterProcessingInitializeOnLoad (30ms)
				EditorAssembliesLoaded (0ms)
			ExecutionOrderSort2 (0ms)
			AwakeInstancesAfterBackupRestoration (16ms)
Platform modules already initialized, skipping
Refreshing native plugins compatible for Editor in 2.54 ms, found 2 plugins.
Preloading 0 native plugins for Editor in 0.00 ms.
Unloading 2406 Unused Serialized files (Serialized files now loaded: 0)
System memory in use before: 223.5 MB.
System memory in use after: 223.8 MB.

Unloading 22 unused Assets to reduce memory usage. Loaded Objects now: 2990.
Total: 4.689500 ms (FindLiveObjects: 0.269000 ms CreateObjectMapping: 0.122800 ms MarkObjects: 4.265800 ms  DeleteObjects: 0.029900 ms)

AssetImportParameters requested are different than current active one (requested -> active):
  custom:framework-win-MediaFoundation: 216162199b28c13a410421893ffa2e32 -> 
  custom:video-decoder-ogg-theora: a1e56fd34408186e4bbccfd4996cb3dc -> 
  custom:container-muxer-webm: aa71ff27fc2769a1b78a27578f13a17b -> 
  custom:container-demuxer-webm: 4f35f7cbe854078d1ac9338744f61a02 -> 
  custom:container-demuxer-ogg: 62fdf1f143b41e24485cea50d1cbac27 -> 
  custom:video-encoder-webm-vp8: eb34c28f22e8b96e1ab97ce403110664 -> 
  custom:video-decoder-webm-vp8: 9c59270c3fd7afecdb556c50c9e8de78 -> 
  custom:audio-decoder-ogg-vorbis: bf7c407c2cedff20999df2af8eb42d56 -> 
  custom:audio-encoder-webm-vorbis: bf7c407c2cedff20999df2af8eb42d56 -> 
